2022-01-06 13:15:41,367:INFO:PyCaret Supervised Module
2022-01-06 13:15:41,368:INFO:ML Usecase: classification
2022-01-06 13:15:41,368:INFO:version 2.3.5
2022-01-06 13:15:41,369:INFO:Initializing setup()
2022-01-06 13:15:41,369:INFO:setup(target=class, ml_usecase=classification, available_plots={'parameter': 'Hyperparameters', 'auc': 'AUC', 'confusion_matrix': 'Confusion Matrix', 'threshold': 'Threshold', 'pr': 'Precision Recall', 'error': 'Prediction Error', 'class_report': 'Class Report', 'rfe': 'Feature Selection', 'learning': 'Learning Curve', 'manifold': 'Manifold Learning', 'calibration': 'Calibration Curve', 'vc': 'Validation Curve', 'dimension': 'Dimensions', 'feature': 'Feature Importance', 'feature_all': 'Feature Importance (All)', 'boundary': 'Decision Boundary', 'lift': 'Lift Chart', 'gain': 'Gain Chart', 'tree': 'Decision Tree', 'ks': 'KS Statistic Plot'}, train_size=0.7, test_data=None, preprocess=True, imputation_type=simple, iterative_imputation_iters=5, categorical_features=['feat_1', 'feat_2', 'feat_3', 'feat_4', 'feat_5', 'feat_6', 'feat_7', 'feat_8', 'feat_9', 'feat_10', 'feat_11', 'feat_12', 'feat_13', 'feat_14', 'feat_15', 'feat_16', 'feat_17', 'feat_18', 'feat_19', 'feat_20', 'feat_21', 'feat_22', 'feat_23', 'feat_24', 'feat_25', 'feat_26', 'feat_27', 'feat_28', 'feat_29', 'feat_30', 'feat_31', 'feat_32', 'feat_33', 'feat_34', 'feat_35', 'feat_36', 'feat_37', 'feat_38', 'feat_39', 'feat_40', 'feat_41', 'feat_42', 'feat_43', 'feat_44', 'feat_45', 'feat_46', 'feat_47', 'feat_48', 'feat_49', 'feat_50', 'feat_51', 'feat_52', 'feat_53', 'feat_54', 'feat_55', 'feat_56', 'feat_57', 'feat_58', 'feat_59', 'feat_60', 'feat_61', 'feat_62', 'feat_63', 'feat_64', 'feat_65', 'feat_66', 'feat_67', 'feat_68', 'feat_69', 'feat_70', 'feat_71', 'feat_72', 'feat_73', 'feat_74', 'feat_75', 'feat_76', 'feat_77', 'feat_78', 'feat_79', 'feat_80', 'feat_81', 'feat_82', 'feat_83', 'feat_84', 'feat_85', 'feat_86', 'feat_87', 'feat_88', 'feat_89', 'feat_90', 'feat_91', 'feat_92', 'feat_93'], categorical_imputation=constant, categorical_iterative_imputer=lightgbm, ordinal_features=None, high_cardinality_features=None, high_cardinality_method=frequency, numeric_features=None, numeric_imputation=mean, numeric_iterative_imputer=lightgbm, date_features=None, ignore_features=None, normalize=False, normalize_method=zscore, transformation=False, transformation_method=yeo-johnson, handle_unknown_categorical=True, unknown_categorical_method=least_frequent, pca=False, pca_method=linear, pca_components=None, ignore_low_variance=False, combine_rare_levels=False, rare_level_threshold=0.1, bin_numeric_features=None, remove_outliers=False, outliers_threshold=0.05, remove_multicollinearity=False, multicollinearity_threshold=0.9, remove_perfect_collinearity=True, create_clusters=False, cluster_iter=20, polynomial_features=False, polynomial_degree=2, trigonometry_features=False, polynomial_threshold=0.1, group_features=None, group_names=None, feature_selection=False, feature_selection_threshold=0.8, feature_selection_method=classic, feature_interaction=False, feature_ratio=False, interaction_threshold=0.01, fix_imbalance=False, fix_imbalance_method=None, transform_target=False, transform_target_method=box-cox, data_split_shuffle=True, data_split_stratify=False, fold_strategy=stratifiedkfold, fold=10, fold_shuffle=False, fold_groups=None, n_jobs=-1, use_gpu=False, custom_pipeline=None, html=True, session_id=None, log_experiment=False, experiment_name=None, log_plots=False, log_profile=False, log_data=False, silent=False, verbose=True, profile=False, profile_kwargs=None, display=None)
2022-01-06 13:15:41,370:INFO:Checking environment
2022-01-06 13:15:41,370:INFO:python_version: 3.9.4
2022-01-06 13:15:41,370:INFO:python_build: ('tags/v3.9.4:1f2e308', 'Apr  6 2021 13:40:21')
2022-01-06 13:15:41,371:INFO:machine: AMD64
2022-01-06 13:15:41,373:INFO:platform: Windows-10-10.0.19041-SP0
2022-01-06 13:15:41,377:WARNING:cannot find psutil installation. memory not traceable. Install psutil using pip to enable memory logging.
2022-01-06 13:15:41,377:INFO:Checking libraries
2022-01-06 13:15:41,378:INFO:pd==1.2.4
2022-01-06 13:15:41,378:INFO:numpy==1.19.5
2022-01-06 13:15:41,378:INFO:sklearn==0.23.2
2022-01-06 13:15:41,378:INFO:lightgbm==3.3.1
2022-01-06 13:15:41,379:WARNING:catboost not found
2022-01-06 13:15:41,381:WARNING:xgboost not found
2022-01-06 13:15:43,825:INFO:mlflow==1.22.0
2022-01-06 13:15:43,825:INFO:Checking Exceptions
2022-01-06 13:15:43,825:INFO:Declaring global variables
2022-01-06 13:15:43,827:INFO:USI: fa44
2022-01-06 13:15:43,828:INFO:pycaret_globals: {'log_plots_param', 'fold_groups_param_full', 'html_param', 'master_model_container', 'gpu_param', 'stratify_param', 'pycaret_globals', 'fold_param', 'imputation_regressor', 'create_model_container', '_internal_pipeline', 'X_train', '_all_models_internal', 'display_container', 'y_test', 'fix_imbalance_method_param', 'imputation_classifier', 'seed', 'X', 'fold_groups_param', 'fold_generator', 'transform_target_method_param', '_all_models', '_all_metrics', 'fix_imbalance_param', 'iterative_imputation_iters_param', 'prep_pipe', 'fold_shuffle_param', 'transform_target_param', 'exp_name_log', 'y_train', 'n_jobs_param', 'X_test', 'logging_param', 'experiment__', 'y', '_available_plots', 'target_param', '_ml_usecase', '_gpu_n_jobs_param', 'data_before_preprocess', 'USI'}
2022-01-06 13:15:43,828:INFO:Preparing display monitor
2022-01-06 13:15:43,828:INFO:Preparing display monitor
2022-01-06 13:15:43,859:INFO:Importing libraries
2022-01-06 13:15:43,859:INFO:Copying data for preprocessing
2022-01-06 13:15:43,898:INFO:Declaring preprocessing parameters
2022-01-06 13:15:43,946:INFO:Creating preprocessing pipeline
2022-01-06 13:15:45,429:INFO:Preprocessing pipeline created successfully
2022-01-06 13:15:45,430:ERROR:(Process Exit): setup has been interupted with user command 'quit'. setup must rerun.
2022-01-06 13:15:45,431:INFO:Creating global containers
2022-01-06 13:15:45,444:INFO:Internal pipeline: Pipeline(memory=None, steps=[('empty_step', 'passthrough')], verbose=False)
2022-01-06 13:17:21,036:WARNING:Couldn't import xgboost.XGBClassifier
2022-01-06 13:17:21,049:WARNING:Couldn't import catboost.CatBoostClassifier
2022-01-06 13:17:21,149:WARNING:Couldn't import xgboost.XGBClassifier
2022-01-06 13:17:21,150:WARNING:Couldn't import catboost.CatBoostClassifier
2022-01-06 13:17:21,155:INFO:Creating grid variables
2022-01-06 13:17:21,410:INFO:create_model_container: 0
2022-01-06 13:17:21,410:INFO:master_model_container: 0
2022-01-06 13:17:21,411:INFO:display_container: 1
2022-01-06 13:17:21,441:INFO:Pipeline(memory=None,
         steps=[('dtypes',
                 DataTypes_Auto_infer(categorical_features=['feat_1', 'feat_2',
                                                            'feat_3', 'feat_4',
                                                            'feat_5', 'feat_6',
                                                            'feat_7', 'feat_8',
                                                            'feat_9', 'feat_10',
                                                            'feat_11',
                                                            'feat_12',
                                                            'feat_13',
                                                            'feat_14',
                                                            'feat_15',
                                                            'feat_16',
                                                            'feat_17',
                                                            'feat_18',
                                                            'feat_19',
                                                            'feat_20',
                                                            'feat_21',
                                                            'feat_22',
                                                            'feat_23',
                                                            'feat_24',
                                                            'feat_25',
                                                            'feat_26',
                                                            'feat_27',
                                                            'feat_28...
                ('scaling', 'passthrough'), ('P_transform', 'passthrough'),
                ('binn', 'passthrough'), ('rem_outliers', 'passthrough'),
                ('cluster_all', 'passthrough'),
                ('dummy', Dummify(target='class')),
                ('fix_perfect', Remove_100(target='class')),
                ('clean_names', Clean_Colum_Names()),
                ('feature_select', 'passthrough'), ('fix_multi', 'passthrough'),
                ('dfs', 'passthrough'), ('pca', 'passthrough')],
         verbose=False)
2022-01-06 13:17:21,443:INFO:setup() succesfully completed......................................
2022-01-06 13:17:31,408:INFO:Initializing compare_models()
2022-01-06 13:17:31,411:INFO:compare_models(include=None, fold=None, round=4, cross_validation=True, sort=Accuracy, n_select=1, budget_time=None, turbo=True, errors=ignore, fit_kwargs=None, groups=None, probability_threshold=None, verbose=True, display=None, exclude=None)
2022-01-06 13:17:31,412:INFO:Checking exceptions
2022-01-06 13:17:31,419:INFO:Preparing display monitor
2022-01-06 13:17:31,420:INFO:Preparing display monitor
2022-01-06 13:17:31,485:INFO:Initializing Logistic Regression
2022-01-06 13:17:31,485:INFO:Total runtime is 0.0 minutes
2022-01-06 13:17:31,500:INFO:SubProcess create_model() called ==================================
2022-01-06 13:17:31,501:INFO:Initializing create_model()
2022-01-06 13:17:31,501:INFO:create_model(estimator=lr, fold=StratifiedKFold(n_splits=10, random_state=None, shuffle=False), round=4, cross_validation=True, predict=True, fit_kwargs={}, groups=None, refit=False, verbose=False, system=False, metrics=None, add_to_model_list=True, probability_threshold=None, display=<pycaret.internal.Display.Display object at 0x00000246844E7D90>, kwargs={})
2022-01-06 13:17:31,502:INFO:Checking exceptions
2022-01-06 13:17:31,502:INFO:Importing libraries
2022-01-06 13:17:31,502:INFO:Copying training dataset
2022-01-06 13:17:33,673:INFO:Defining folds
2022-01-06 13:17:33,673:INFO:Declaring metric variables
2022-01-06 13:17:33,686:INFO:Importing untrained model
2022-01-06 13:17:33,702:INFO:Logistic Regression Imported succesfully
2022-01-06 13:17:33,733:INFO:Starting cross validation
2022-01-06 13:17:33,735:INFO:Cross validating with StratifiedKFold(n_splits=10, random_state=None, shuffle=False), n_jobs=-1
2022-01-06 13:55:18,470:INFO:Calculating mean and std
2022-01-06 13:55:18,516:INFO:Creating metrics dataframe
2022-01-06 13:55:18,610:INFO:Uploading results into container
2022-01-06 13:55:18,610:INFO:Uploading model into container now
2022-01-06 13:55:18,610:INFO:create_model_container: 1
2022-01-06 13:55:18,610:INFO:master_model_container: 1
2022-01-06 13:55:18,610:INFO:display_container: 2
2022-01-06 13:55:18,610:INFO:LogisticRegression(C=1.0, class_weight=None, dual=False, fit_intercept=True,
                   intercept_scaling=1, l1_ratio=None, max_iter=1000,
                   multi_class='auto', n_jobs=None, penalty='l2',
                   random_state=6879, solver='lbfgs', tol=0.0001, verbose=0,
                   warm_start=False)
2022-01-06 13:55:18,610:INFO:create_model() succesfully completed......................................
2022-01-06 13:55:19,436:WARNING:create_model() for LogisticRegression(C=1.0, class_weight=None, dual=False, fit_intercept=True,
                   intercept_scaling=1, l1_ratio=None, max_iter=1000,
                   multi_class='auto', n_jobs=None, penalty='l2',
                   random_state=6879, solver='lbfgs', tol=0.0001, verbose=0,
                   warm_start=False) raised an exception or returned all 0.0, trying without fit_kwargs:
2022-01-06 13:55:19,452:WARNING:Traceback (most recent call last):
  File "c:\users\rahul\python39\lib\site-packages\pycaret\internal\tabular.py", line 2204, in compare_models
    assert np.sum(model_results.iloc[0]) != 0.0
AssertionError

2022-01-06 13:55:19,467:INFO:Initializing create_model()
2022-01-06 13:55:19,467:INFO:create_model(estimator=lr, fold=StratifiedKFold(n_splits=10, random_state=None, shuffle=False), round=4, cross_validation=True, predict=True, fit_kwargs={}, groups=None, refit=False, verbose=False, system=False, metrics=None, add_to_model_list=True, probability_threshold=None, display=<pycaret.internal.Display.Display object at 0x00000246844E7D90>, kwargs={})
2022-01-06 13:55:19,467:INFO:Checking exceptions
2022-01-06 13:55:19,467:INFO:Importing libraries
2022-01-06 13:55:19,467:INFO:Copying training dataset
2022-01-06 13:55:21,030:INFO:Defining folds
2022-01-06 13:55:21,045:INFO:Declaring metric variables
2022-01-06 13:55:21,140:INFO:Importing untrained model
2022-01-06 13:55:21,161:INFO:Logistic Regression Imported succesfully
2022-01-06 13:55:21,186:INFO:Starting cross validation
2022-01-06 13:55:21,195:INFO:Cross validating with StratifiedKFold(n_splits=10, random_state=None, shuffle=False), n_jobs=-1
2022-01-06 14:19:03,843:INFO:Calculating mean and std
2022-01-06 14:19:03,905:INFO:Creating metrics dataframe
2022-01-06 14:19:04,030:INFO:Uploading results into container
2022-01-06 14:19:04,030:INFO:Uploading model into container now
2022-01-06 14:19:04,030:INFO:create_model_container: 2
2022-01-06 14:19:04,030:INFO:master_model_container: 2
2022-01-06 14:19:04,030:INFO:display_container: 2
2022-01-06 14:19:04,046:INFO:LogisticRegression(C=1.0, class_weight=None, dual=False, fit_intercept=True,
                   intercept_scaling=1, l1_ratio=None, max_iter=1000,
                   multi_class='auto', n_jobs=None, penalty='l2',
                   random_state=6879, solver='lbfgs', tol=0.0001, verbose=0,
                   warm_start=False)
2022-01-06 14:19:04,046:INFO:create_model() succesfully completed......................................
2022-01-06 14:19:05,202:INFO:SubProcess create_model() end ==================================
2022-01-06 14:19:05,202:INFO:Creating metrics dataframe
2022-01-06 14:19:05,234:INFO:Initializing K Neighbors Classifier
2022-01-06 14:19:05,234:INFO:Total runtime is 61.562478971481326 minutes
2022-01-06 14:19:05,249:INFO:SubProcess create_model() called ==================================
2022-01-06 14:19:05,249:INFO:Initializing create_model()
2022-01-06 14:19:05,249:INFO:create_model(estimator=knn, fold=StratifiedKFold(n_splits=10, random_state=None, shuffle=False), round=4, cross_validation=True, predict=True, fit_kwargs={}, groups=None, refit=False, verbose=False, system=False, metrics=None, add_to_model_list=True, probability_threshold=None, display=<pycaret.internal.Display.Display object at 0x00000246844E7D90>, kwargs={})
2022-01-06 14:19:05,249:INFO:Checking exceptions
2022-01-06 14:19:05,249:INFO:Importing libraries
2022-01-06 14:19:05,249:INFO:Copying training dataset
2022-01-06 14:19:06,437:INFO:Defining folds
2022-01-06 14:19:06,437:INFO:Declaring metric variables
2022-01-06 14:19:06,484:INFO:Importing untrained model
2022-01-06 14:19:06,499:INFO:K Neighbors Classifier Imported succesfully
2022-01-06 14:19:06,515:INFO:Starting cross validation
2022-01-06 14:19:06,530:INFO:Cross validating with StratifiedKFold(n_splits=10, random_state=None, shuffle=False), n_jobs=-1
